
Applying ATLAS style settings...


Processing asymmetryHip.cc+...
Combining periods A and B. Using convention that proton is moving toward positive rapidity.
No. centrality bins: 5
No. eta bins: 11
No. pt bins: 1
Total W+ --> mu+ events in eta region -2.5 - -2.1: 336 +/-18.3303(stat.)
Total W- --> mu- events in eta region -2.5 - -2.1: 444 +/-21.0713(stat.)
Total W+ --> mu+ events in eta region -2.1 - -1.55: 805 +/-28.3725(stat.)
Total W- --> mu- events in eta region -2.1 - -1.55: 925 +/-30.4138(stat.)
Total W+ --> mu+ events in eta region -1.55 - -1.05: 927 +/-30.4467(stat.)
Total W- --> mu- events in eta region -1.55 - -1.05: 859 +/-29.3087(stat.)
Total W+ --> mu+ events in eta region -1.05 - -0.6: 677 +/-26.0192(stat.)
Total W- --> mu- events in eta region -1.05 - -0.6: 617 +/-24.8395(stat.)
Total W+ --> mu+ events in eta region -0.6 - -0.1: 922 +/-30.3645(stat.)
Total W- --> mu- events in eta region -0.6 - -0.1: 798 +/-28.2489(stat.)
Total W+ --> mu+ events in eta region -0.1 - 0.1: 174 +/-13.1909(stat.)
Total W- --> mu- events in eta region -0.1 - 0.1: 144 +/-12(stat.)
Total W+ --> mu+ events in eta region 0.1 - 0.6: 953 +/-30.8707(stat.)
Total W- --> mu- events in eta region 0.1 - 0.6: 750 +/-27.3861(stat.)
Total W+ --> mu+ events in eta region 0.6 - 1.05: 736 +/-27.1293(stat.)
Total W- --> mu- events in eta region 0.6 - 1.05: 554 +/-23.5372(stat.)
Total W+ --> mu+ events in eta region 1.05 - 1.55: 1115 +/-33.3916(stat.)
Total W- --> mu- events in eta region 1.05 - 1.55: 710 +/-26.6458(stat.)
Total W+ --> mu+ events in eta region 1.55 - 2.1: 1237 +/-35.171(stat.)
Total W- --> mu- events in eta region 1.55 - 2.1: 782 +/-27.9643(stat.)
Total W+ --> mu+ events in eta region 2.1 - 2.5: 731 +/-27.037(stat.)
Total W- --> mu- events in eta region 2.1 - 2.5: 391 +/-19.7737(stat.)
Number of entries in tree: 0
Number of W-->mu events: 0
sigma_W/sigma_pp: 5.60753e-08
Cross-section sampled: -nan[%]
Number of entries in tree: 0
Number of W-->mu events: 0
sigma_W/sigma_pp: 5.61847e-08
Cross-section sampled: -nan[%]
Number of entries in tree: 1000000
Event: 0
Event: 10000
Event: 20000
Event: 30000
Event: 40000
Event: 50000
Event: 60000
Event: 70000
Event: 80000
Event: 90000
Event: 100000
Event: 110000
Event: 120000
Event: 130000
Event: 140000
Event: 150000
Event: 160000
Event: 170000
Event: 180000
Event: 190000
Event: 200000
Event: 210000
Event: 220000
Event: 230000
Event: 240000
Event: 250000
Event: 260000
Event: 270000
Event: 280000
Event: 290000
Event: 300000
Event: 310000
Event: 320000
Event: 330000
Event: 340000
Event: 350000
Event: 360000
Event: 370000
Event: 380000
Event: 390000
Event: 400000
Event: 410000
Event: 420000
Event: 430000
Event: 440000
Event: 450000
Event: 460000
Event: 470000
Event: 480000
Event: 490000
Event: 500000
Event: 510000
Event: 520000
Event: 530000
Event: 540000
Event: 550000
Event: 560000
Event: 570000
Event: 580000
Event: 590000
Event: 600000
Event: 610000
Event: 620000
Event: 630000
Event: 640000
Event: 650000
Event: 660000
Event: 670000
Event: 680000
Event: 690000
Event: 700000
Event: 710000
Event: 720000
Event: 730000
Event: 740000
Event: 750000
Event: 760000
Event: 770000
Event: 780000
Event: 790000
Event: 800000
Event: 810000
Event: 820000
Event: 830000
Event: 840000
Event: 850000
Event: 860000
Event: 870000
Event: 880000
Event: 890000
Event: 900000
Event: 910000
Event: 920000
Event: 930000
Event: 940000
Event: 950000
Event: 960000
Event: 970000
Event: 980000
Event: 990000
Number of W-->mu events: 601210
sigma_W/sigma_pp: 6.7143e-08
Cross-section sampled: 60.121[%]
Number of entries in tree: 1000000
Event: 0
Event: 10000
Event: 20000
Event: 30000
Event: 40000
Event: 50000
Event: 60000
Event: 70000
Event: 80000
Event: 90000
Event: 100000
Event: 110000
Event: 120000
Event: 130000
Event: 140000
Event: 150000
Event: 160000
Event: 170000
Event: 180000
Event: 190000
Event: 200000
Event: 210000
Event: 220000
Event: 230000
Event: 240000
Event: 250000
Event: 260000
Event: 270000
Event: 280000
Event: 290000
Event: 300000
Event: 310000
Event: 320000
Event: 330000
Event: 340000
Event: 350000
Event: 360000
Event: 370000
Event: 380000
Event: 390000
Event: 400000
Event: 410000
Event: 420000
Event: 430000
Event: 440000
Event: 450000
Event: 460000
Event: 470000
Event: 480000
Event: 490000
Event: 500000
Event: 510000
Event: 520000
Event: 530000
Event: 540000
Event: 550000
Event: 560000
Event: 570000
Event: 580000
Event: 590000
Event: 600000
Event: 610000
Event: 620000
Event: 630000
Event: 640000
Event: 650000
Event: 660000
Event: 670000
Event: 680000
Event: 690000
Event: 700000
Event: 710000
Event: 720000
Event: 730000
Event: 740000
Event: 750000
Event: 760000
Event: 770000
Event: 780000
Event: 790000
Event: 800000
Event: 810000
Event: 820000
Event: 830000
Event: 840000
Event: 850000
Event: 860000
Event: 870000
Event: 880000
Event: 890000
Event: 900000
Event: 910000
Event: 920000
Event: 930000
Event: 940000
Event: 950000
Event: 960000
Event: 970000
Event: 980000
Event: 990000
Number of W-->mu events: 601851
sigma_W/sigma_pp: 4.53248e-08
Cross-section sampled: 60.1851[%]
Number of entries in tree: 1000000
Event: 0
Event: 10000
Event: 20000
Event: 30000
Event: 40000
Event: 50000
Event: 60000
Event: 70000
Event: 80000
Event: 90000
Event: 100000
Event: 110000
Event: 120000
Event: 130000
Event: 140000
Event: 150000
Event: 160000
Event: 170000
Event: 180000
Event: 190000
Event: 200000
Event: 210000
Event: 220000
Event: 230000
Event: 240000
Event: 250000
Event: 260000
Event: 270000
Event: 280000
Event: 290000
Event: 300000
Event: 310000
Event: 320000
Event: 330000
Event: 340000
Event: 350000
Event: 360000
Event: 370000
Event: 380000
Event: 390000
Event: 400000
Event: 410000
Event: 420000
Event: 430000
Event: 440000
Event: 450000
Event: 460000
Event: 470000
Event: 480000
Event: 490000
Event: 500000
Event: 510000
Event: 520000
Event: 530000
Event: 540000
Event: 550000
Event: 560000
Event: 570000
Event: 580000
Event: 590000
Event: 600000
Event: 610000
Event: 620000
Event: 630000
Event: 640000
Event: 650000
Event: 660000
Event: 670000
Event: 680000
Event: 690000
Event: 700000
Event: 710000
Event: 720000
Event: 730000
Event: 740000
Event: 750000
Event: 760000
Event: 770000
Event: 780000
Event: 790000
Event: 800000
Event: 810000
Event: 820000
Event: 830000
Event: 840000
Event: 850000
Event: 860000
Event: 870000
Event: 880000
Event: 890000
Event: 900000
Event: 910000
Event: 920000
Event: 930000
Event: 940000
Event: 950000
Event: 960000
Event: 970000
Event: 980000
Event: 990000
Number of W-->mu events: 601210
sigma_W/sigma_pp: 6.7143e-08
Cross-section sampled: 60.121[%]
Number of entries in tree: 1000000
Event: 0
Event: 10000
Event: 20000
Event: 30000
Event: 40000
Event: 50000
Event: 60000
Event: 70000
Event: 80000
Event: 90000
Event: 100000
Event: 110000
Event: 120000
Event: 130000
Event: 140000
Event: 150000
Event: 160000
Event: 170000
Event: 180000
Event: 190000
Event: 200000
Event: 210000
Event: 220000
Event: 230000
Event: 240000
Event: 250000
Event: 260000
Event: 270000
Event: 280000
Event: 290000
Event: 300000
Event: 310000
Event: 320000
Event: 330000
Event: 340000
Event: 350000
Event: 360000
Event: 370000
Event: 380000
Event: 390000
Event: 400000
Event: 410000
Event: 420000
Event: 430000
Event: 440000
Event: 450000
Event: 460000
Event: 470000
Event: 480000
Event: 490000
Event: 500000
Event: 510000
Event: 520000
Event: 530000
Event: 540000
Event: 550000
Event: 560000
Event: 570000
Event: 580000
Event: 590000
Event: 600000
Event: 610000
Event: 620000
Event: 630000
Event: 640000
Event: 650000
Event: 660000
Event: 670000
Event: 680000
Event: 690000
Event: 700000
Event: 710000
Event: 720000
Event: 730000
Event: 740000
Event: 750000
Event: 760000
Event: 770000
Event: 780000
Event: 790000
Event: 800000
Event: 810000
Event: 820000
Event: 830000
Event: 840000
Event: 850000
Event: 860000
Event: 870000
Event: 880000
Event: 890000
Event: 900000
Event: 910000
Event: 920000
Event: 930000
Event: 940000
Event: 950000
Event: 960000
Event: 970000
Event: 980000
Event: 990000
Number of W-->mu events: 601851
sigma_W/sigma_pp: 4.53248e-08
Cross-section sampled: 60.1851[%]
Number of entries in tree: 0
Number of W-->mu events: 0
sigma_W/sigma_pp: 5.60698e-08
Cross-section sampled: -nan[%]
Number of entries in tree: 0
Number of W-->mu events: 0
sigma_W/sigma_pp: 5.61861e-08
Cross-section sampled: -nan[%]
hf: 10718.1
hb: 7506.08
bins: 5
max bins: 11
FB asymm for bin 5 at |eta| = 2.3 : 2.1756
FB asymm for bin 4 at |eta| = 1.825 : 1.53665
FB asymm for bin 3 at |eta| = 1.3 : 1.2028
FB asymm for bin 2 at |eta| = 0.825 : 1.08715
FB asymm for bin 1 at |eta| = 0.35 : 1.03362
hf: 7270.43
hb: 7476.93
bins: 5
max bins: 11
FB asymm for bin 5 at |eta| = 2.3 : 0.880631
FB asymm for bin 4 at |eta| = 1.825 : 0.845405
FB asymm for bin 3 at |eta| = 1.3 : 0.826542
FB asymm for bin 2 at |eta| = 0.825 : 0.897893
FB asymm for bin 1 at |eta| = 0.35 : 0.93985
hf: 17988.6
hb: 14983
bins: 5
max bins: 11
FB asymm for bin 5 at |eta| = 2.3 : 1.43846
FB asymm for bin 4 at |eta| = 1.825 : 1.16705
FB asymm for bin 3 at |eta| = 1.3 : 1.02184
FB asymm for bin 2 at |eta| = 0.825 : 0.996909
FB asymm for bin 1 at |eta| = 0.35 : 0.990116
(int)0
